<?xml version="1.0" encoding="UTF-8" standalone="yes" ?>
<test-results name="C:\Users\maks4\Documents\Embarcadero\Studio\Projects\ViewNavigator\Test\Win32\Debug\TestVN.exe" total="4" errors="0" failures="0" ignored="0" inconclusive="0" not-run="0" skipped="0" invalid="0" date="2019-02-20" time="0.064">
  <culture-info current-culture="en" current-uiculture="en" />
  <test-suite type="Assembly" name="TestVN.exe" executed="true" result="Success" success="True" time="0.064" asserts="0">
    <results>
        <test-suite type="Namespace" name="Test" executed="true" result="Success" success="True" time="0.064" asserts="0" >
          <results>
              <test-suite type="Fixture" name="TestHistory" executed="True" result="Success" success="True" time="0.064" >
                <results>
                  <test-case name="Nav_Current" executed="True" result="Success" success="True" time="0.000" asserts="0" />
                  <test-case name="Nav_Back" executed="True" result="Success" success="True" time="0.000" asserts="0" />
                  <test-case name="Nav_Nav_Back" executed="True" result="Success" success="True" time="0.000" asserts="0" />
                  <test-case name="Nav_Nav_Nav_Back" executed="True" result="Success" success="True" time="0.000" asserts="0" />
                </results>
              </test-suite>
          </results>
        </test-suite>
    </results>
  </test-suite>
</test-results>
